debconf: delaying package configuration, since apt-utils is not installed
    Updating crates.io index
 Downloading crates ...
  Downloaded bitflags v2.11.1
  Downloaded powerfmt v0.2.0
  Downloaded futures-io v0.3.32
  Downloaded zeroize v1.8.2
  Downloaded lru-slab v0.1.2
  Downloaded autocfg v1.5.0
  Downloaded socket2 v0.6.3
  Downloaded subtle v2.6.1
  Downloaded digest v0.10.7
  Downloaded anyhow v1.0.102
  Downloaded rand_core v0.9.5
  Downloaded zerofrom-derive v0.1.7
  Downloaded quinn-udp v0.5.14
  Downloaded serde_urlencoded v0.7.1
  Downloaded num-traits v0.2.19
  Downloaded der-parser v9.0.0
  Downloaded version_check v0.9.5
  Downloaded litemap v0.8.2
  Downloaded tower-service v0.3.3
  Downloaded proc-macro2 v1.0.106
  Downloaded yoke-derive v0.8.2
  Downloaded memchr v2.8.0
  Downloaded time-core v0.1.8
error: failed to parse manifest at `/tmp/cargo-home/registry/src/index.crates.io-6f17d22bba15001f/time-core-0.1.8/Cargo.toml`

Caused by:
  feature `edition2024` is required

  The package requires the Cargo feature called `edition2024`, but that feature is not stabilized in this version of Cargo (1.83.0 (5ffbef321 2024-10-29)).
  Consider trying a newer version of Cargo (this may require the nightly release).
  See https://doc.rust-lang.org/nightly/cargo/reference/unstable.html#edition-2024 for more information about the status of this feature.
