debconf: unable to initialize frontend: Dialog
debconf: (TERM is not set, so the dialog frontend is not usable.)
debconf: falling back to frontend: Readline
debconf: unable to initialize frontend: Readline
debconf: (This frontend requires a controlling tty.)
debconf: falling back to frontend: Teletype
debconf: unable to initialize frontend: Teletype
debconf: (This frontend requires a controlling tty.)
debconf: falling back to frontend: Noninteractive
    Updating crates.io index
 Downloading crates ...
  Downloaded icu_properties v2.2.0
  Downloaded serde_derive v1.0.228
  Downloaded idna_adapter v1.2.2
  Downloaded itoa v1.0.18
  Downloaded subtle v2.6.1
  Downloaded untrusted v0.9.0
  Downloaded colorchoice v1.0.5
  Downloaded percent-encoding v2.3.2
  Downloaded time-core v0.1.8
  Downloaded yoke-derive v0.8.2
  Downloaded powerfmt v0.2.0
  Downloaded pin-project-lite v0.2.17
  Downloaded num-integer v0.1.46
  Downloaded rand_chacha v0.9.0
  Downloaded anstyle v1.0.14
  Downloaded displaydoc v0.2.5
  Downloaded utf8parse v0.2.2
  Downloaded bitflags v2.11.1
  Downloaded serde_urlencoded v0.7.1
  Downloaded utf8_iter v1.0.4
  Downloaded clap_derive v4.6.1
  Downloaded tower-service v0.3.3
  Downloaded anstyle-parse v1.0.0
  Downloaded zerofrom v0.1.7
  Downloaded getrandom v0.3.4
  Downloaded want v0.3.1
  Downloaded icu_normalizer v2.2.0
  Downloaded bytes v1.11.1
  Downloaded quinn v0.11.9
  Downloaded thiserror-impl v1.0.69
  Downloaded zerofrom-derive v0.1.7
  Downloaded simple_asn1 v0.6.4
  Downloaded mio v1.2.0
  Downloaded zmij v1.0.21
  Downloaded iri-string v0.7.12
  Downloaded zeroize v1.8.2
  Downloaded icu_properties_data v2.2.0
  Downloaded yoke v0.8.2
  Downloaded tempfile v3.27.0
  Downloaded thiserror-impl v2.0.18
  Downloaded chrono v0.4.44
  Downloaded zerovec-derive v0.11.3
  Downloaded tokio-rustls v0.26.4
  Downloaded time-macros v0.2.27
  Downloaded smallvec v1.15.1
  Downloaded semver v1.0.28
  Downloaded quinn-proto v0.11.14
  Downloaded aho-corasick v1.1.4
  Downloaded tinyvec v1.11.0
  Downloaded serde_core v1.0.228
  Downloaded rustls-pki-types v1.14.1
  Downloaded tinystr v0.8.3
  Downloaded socket2 v0.6.3
  Downloaded slab v0.4.12
  Downloaded idna v1.1.0
  Downloaded hyper v1.9.0
  Downloaded uuid v1.23.1
  Downloaded x509-parser v0.16.0
  Downloaded zerotrie v0.2.4
  Downloaded typenum v1.20.0
  Downloaded tower v0.5.3
  Downloaded unicode-normalization v0.1.25
  Downloaded zerovec v0.11.6
  Downloaded reqwest v0.12.28
  Downloaded tower-http v0.6.8
  Downloaded webpki-roots v1.0.7
  Downloaded serde_json v1.0.149
  Downloaded time v0.3.47
  Downloaded url v2.5.8
  Downloaded libc v0.2.186
  Downloaded serde v1.0.228
  Downloaded zerocopy v0.8.48
  Downloaded rustls v0.23.40
  Downloaded regex-syntax v0.8.10
  Downloaded syn v2.0.117
  Downloaded rustls-webpki v0.103.13
  Downloaded unicode-ident v1.0.24
  Downloaded tracing-core v0.1.36
  Downloaded rustix v1.1.4
  Downloaded futures-util v0.3.32
  Downloaded tracing v0.1.44
  Downloaded clap_builder v4.6.0
  Downloaded writeable v0.6.3
  Downloaded thiserror v2.0.18
  Downloaded thiserror v1.0.69
  Downloaded synstructure v0.13.2
  Downloaded regex v1.12.3
  Downloaded http v1.4.0
  Downloaded regex-automata v0.4.14
  Downloaded der-parser v9.0.0
  Downloaded shlex v1.3.0
  Downloaded rand v0.9.4
  Downloaded num-bigint v0.4.6
  Downloaded nom v7.1.3
  Downloaded memchr v2.8.0
  Downloaded icu_normalizer_data v2.2.0
  Downloaded hyper-util v0.1.20
  Downloaded cc v1.2.61
  Downloaded asn1-rs v0.6.2
  Downloaded minimal-lexical v0.2.1
  Downloaded icu_collections v2.2.0
  Downloaded tokio v1.52.1
  Downloaded base64 v0.22.1
  Downloaded sha2 v0.10.9
  Downloaded icu_locale_core v2.2.0
  Downloaded clap v4.6.1
  Downloaded version_check v0.9.5
  Downloaded sync_wrapper v1.0.2
  Downloaded proc-macro2 v1.0.106
  Downloaded once_cell v1.21.4
  Downloaded num-traits v0.2.19
  Downloaded log v0.4.29
  Downloaded icu_provider v2.2.0
  Downloaded getrandom v0.4.2
  Downloaded anyhow v1.0.102
  Downloaded strsim v0.11.1
  Downloaded rusticata-macros v4.1.0
  Downloaded quinn-udp v0.5.14
  Downloaded jsonwebtoken v9.3.1
  Downloaded httparse v1.10.1
  Downloaded getrandom v0.2.17
  Downloaded iana-time-zone v0.1.65
  Downloaded ppv-lite86 v0.2.21
  Downloaded autocfg v1.5.0
  Downloaded try-lock v0.2.5
  Downloaded tinyvec_macros v0.1.1
  Downloaded rustc-hash v2.1.2
  Downloaded quote v1.0.45
  Downloaded litemap v0.8.2
  Downloaded ipnet v2.12.0
  Downloaded futures-channel v0.3.32
  Downloaded data-encoding v2.11.0
  Downloaded anstream v1.0.0
  Downloaded hyper-rustls v0.27.9
  Downloaded find-msvc-tools v0.1.9
  Downloaded fastrand v2.4.1
  Downloaded http-body-util v0.1.3
  Downloaded ring v0.17.14
  Downloaded digest v0.10.7
  Downloaded rand_core v0.9.5
  Downloaded pem v3.0.6
  Downloaded deranged v0.5.8
  Downloaded http-body v1.0.1
  Downloaded cpufeatures v0.2.17
  Downloaded atomic-waker v1.1.2
  Downloaded anstyle-query v1.1.5
  Downloaded tower-layer v0.3.3
  Downloaded stable_deref_trait v1.2.1
  Downloaded lazy_static v1.5.0
  Downloaded is_terminal_polyfill v1.70.2
  Downloaded futures-task v0.3.32
  Downloaded futures-io v0.3.32
  Downloaded cfg_aliases v0.2.1
  Downloaded block-buffer v0.10.4
  Downloaded asn1-rs-derive v0.5.1
  Downloaded errno v0.3.14
  Downloaded cfg-if v1.0.4
  Downloaded asn1-rs-impl v0.2.0
  Downloaded ryu v1.0.23
  Downloaded potential_utf v0.1.5
  Downloaded oid-registry v0.7.1
  Downloaded num-conv v0.2.1
  Downloaded lru-slab v0.1.2
  Downloaded hmac v0.12.1
  Downloaded heck v0.5.0
  Downloaded generic-array v0.14.7
  Downloaded futures-sink v0.3.32
  Downloaded futures-core v0.3.32
  Downloaded form_urlencoded v1.2.2
  Downloaded crypto-common v0.1.7
  Downloaded clap_lex v1.1.0
  Downloaded linux-raw-sys v0.12.1
   Compiling proc-macro2 v1.0.106
   Compiling unicode-ident v1.0.24
   Compiling quote v1.0.45
   Compiling itoa v1.0.18
   Compiling libc v0.2.186
   Compiling memchr v2.8.0
   Compiling stable_deref_trait v1.2.1
   Compiling serde_core v1.0.228
   Compiling autocfg v1.5.0
   Compiling cfg-if v1.0.4
   Compiling bytes v1.11.1
   Compiling shlex v1.3.0
   Compiling pin-project-lite v0.2.17
   Compiling find-msvc-tools v0.1.9
   Compiling futures-core v0.3.32
   Compiling zmij v1.0.21
   Compiling serde v1.0.228
   Compiling num-traits v0.2.19
   Compiling litemap v0.8.2
   Compiling cc v1.2.61
   Compiling version_check v0.9.5
   Compiling powerfmt v0.2.0
   Compiling futures-sink v0.3.32
   Compiling once_cell v1.21.4
   Compiling socket2 v0.6.3
   Compiling mio v1.2.0
   Compiling writeable v0.6.3
   Compiling time-core v0.1.8
   Compiling num-conv v0.2.1
   Compiling smallvec v1.15.1
   Compiling serde_json v1.0.149
   Compiling time-macros v0.2.27
   Compiling generic-array v0.14.7
   Compiling tokio v1.52.1
   Compiling deranged v0.5.8
   Compiling syn v2.0.117
   Compiling ring v0.17.14
   Compiling getrandom v0.2.17
   Compiling http v1.4.0
   Compiling subtle v2.6.1
   Compiling zeroize v1.8.2
   Compiling utf8_iter v1.0.4
   Compiling untrusted v0.9.0
   Compiling icu_properties_data v2.2.0
   Compiling icu_normalizer_data v2.2.0
   Compiling rustls-pki-types v1.14.1
   Compiling time v0.3.47
   Compiling http-body v1.0.1
   Compiling minimal-lexical v0.2.1
   Compiling thiserror v1.0.69
   Compiling percent-encoding v2.3.2
   Compiling futures-io v0.3.32
   Compiling typenum v1.20.0
   Compiling slab v0.4.12
   Compiling futures-task v0.3.32
   Compiling httparse v1.10.1
   Compiling nom v7.1.3
   Compiling futures-util v0.3.32
   Compiling num-integer v0.1.46
   Compiling synstructure v0.13.2
   Compiling rustls v0.23.40
   Compiling tower-service v0.3.3
   Compiling try-lock v0.2.5
   Compiling base64 v0.22.1
   Compiling anyhow v1.0.102
   Compiling num-bigint v0.4.6
   Compiling displaydoc v0.2.5
   Compiling zerovec-derive v0.11.3
   Compiling zerofrom-derive v0.1.7
   Compiling yoke-derive v0.8.2
   Compiling serde_derive v1.0.228
   Compiling thiserror-impl v1.0.69
   Compiling asn1-rs-derive v0.5.1
   Compiling asn1-rs-impl v0.2.0
   Compiling want v0.3.1
   Compiling zerofrom v0.1.7
   Compiling rusticata-macros v4.1.0
   Compiling tracing-core v0.1.36
   Compiling yoke v0.8.2
   Compiling futures-channel v0.3.32
   Compiling thiserror v2.0.18
   Compiling atomic-waker v1.1.2
   Compiling bitflags v2.11.1
   Compiling zerovec v0.11.6
   Compiling zerotrie v0.2.4
   Compiling getrandom v0.4.2
   Compiling utf8parse v0.2.2
   Compiling tracing v0.1.44
   Compiling anstyle-parse v1.0.0
   Compiling hyper v1.9.0
   Compiling asn1-rs v0.6.2
   Compiling rustls-webpki v0.103.13
   Compiling tinystr v0.8.3
   Compiling potential_utf v0.1.5
   Compiling thiserror-impl v2.0.18
   Compiling crypto-common v0.1.7
   Compiling block-buffer v0.10.4
   Compiling icu_locale_core v2.2.0
   Compiling icu_collections v2.2.0
   Compiling form_urlencoded v1.2.2
   Compiling sync_wrapper v1.0.2
   Compiling is_terminal_polyfill v1.70.2
   Compiling anstyle-query v1.1.5
   Compiling oid-registry v0.7.1
   Compiling tower-layer v0.3.3
   Compiling anstyle v1.0.14
   Compiling ipnet v2.12.0
   Compiling colorchoice v1.0.5
   Compiling axhub-codegen v0.1.23 (/work/crates/axhub-codegen)
   Compiling icu_provider v2.2.0
   Compiling tower v0.5.3
   Compiling digest v0.10.7
   Compiling anstream v1.0.0
   Compiling hyper-util v0.1.20
   Compiling webpki-roots v1.0.7
   Compiling aho-corasick v1.1.4
   Compiling icu_normalizer v2.2.0
   Compiling icu_properties v2.2.0
   Compiling ryu v1.0.23
   Compiling strsim v0.11.1
   Compiling regex-syntax v0.8.10
   Compiling iri-string v0.7.12
   Compiling tokio-rustls v0.26.4
   Compiling tinyvec_macros v0.1.1
   Compiling heck v0.5.0
   Compiling clap_lex v1.1.0
   Compiling idna_adapter v1.2.2
   Compiling hyper-rustls v0.27.9
   Compiling tinyvec v1.11.0
   Compiling serde_urlencoded v0.7.1
   Compiling clap_derive v4.6.1
   Compiling idna v1.1.0
   Compiling clap_builder v4.6.0
   Compiling regex-automata v0.4.14
   Compiling tower-http v0.6.8
   Compiling axhub-helpers v0.1.23 (/work/crates/axhub-helpers)
   Compiling simple_asn1 v0.6.4
   Compiling der-parser v9.0.0
   Compiling url v2.5.8
   Compiling pem v3.0.6
   Compiling http-body-util v0.1.3
   Compiling rustix v1.1.4
   Compiling lazy_static v1.5.0
   Compiling data-encoding v2.11.0
   Compiling iana-time-zone v0.1.65
   Compiling log v0.4.29
   Compiling cpufeatures v0.2.17
   Compiling jsonwebtoken v9.3.1
   Compiling sha2 v0.10.9
   Compiling unicode-normalization v0.1.25
error: failed to run custom build command for `axhub-helpers v0.1.23 (/work/crates/axhub-helpers)`

Caused by:
  process didn't exit successfully: `/tmp/axhub-target/debug/build/axhub-helpers-f17266d839117d0a/build-script-build` (exit status: 1)
  --- stdout
  cargo:rustc-check-cfg=cfg(coverage)
  cargo:rerun-if-changed=../../src/axhub-helpers/catalog.ts

  --- stderr
  Error: catalog parser failed (expected string quote, got '이'); bun fallback failed: 
warning: build failed, waiting for other jobs to finish...
